# JRE version: OpenJDK Runtime Environment (15.0.2+7) (build 15.0.2+7-27)
# Java VM: OpenJDK 64-Bit Server VM (15.0.2+7-27, mixed mode, sharing, tiered, compressed oops, g1 gc, windows-amd64)
GC Precious Log:
 CPUs: 2 total, 2 available
 Memory: 7645M
 Large Page Support: Disabled
 NUMA Support: Disabled
 Compressed Oops: Enabled (32-bit)
 Heap Region Size: 1M
 Heap Min Capacity: 8M
 Heap Initial Capacity: 120M
 Heap Max Capacity: 1912M
 Pre-touch: Disabled
 Parallel Workers: 2
 Concurrent Workers: 1
 Concurrent Refinement Workers: 2
 Periodic GC: Disabled
Heap:
 garbage-first heap   total 73728K, used 29021K [0x0000000088800000, 0x0000000100000000)
  region size 1024K, 5 young (5120K), 5 survivors (5120K)
 Metaspace       used 50959K, capacity 51527K, committed 51612K, reserved 1093632K
  class space    used 6796K, capacity 6963K, committed 6988K, reserved 1048576K
GC Heap History (20 events):
Event: 10.813 GC heap before
{Heap before GC invocations=7 (full 0):
 garbage-first heap   total 51200K, used 39061K [0x0000000088800000, 0x0000000100000000)
  region size 1024K, 30 young (30720K), 4 survivors (4096K)
 Metaspace       used 23252K, capacity 23624K, committed 23984K, reserved 1071104K
  class space    used 3092K, capacity 3232K, committed 3328K, reserved 1048576K
}
Event: 10.831 GC heap after
{Heap after GC invocations=8 (full 0):
 garbage-first heap   total 51200K, used 15164K [0x0000000088800000, 0x0000000100000000)
  region size 1024K, 4 young (4096K), 4 survivors (4096K)
 Metaspace       used 23252K, capacity 23624K, committed 23984K, reserved 1071104K
  class space    used 3092K, capacity 3232K, committed 3328K, reserved 1048576K
}
Event: 10.844 GC heap before
{Heap before GC invocations=8 (full 0):
 garbage-first heap   total 51200K, used 36668K [0x0000000088800000, 0x0000000100000000)
  region size 1024K, 26 young (26624K), 4 survivors (4096K)
 Metaspace       used 23252K, capacity 23624K, committed 23984K, reserved 1071104K
  class space    used 3092K, capacity 3232K, committed 3328K, reserved 1048576K
}
Event: 10.854 GC heap after
{Heap after GC invocations=9 (full 0):
 garbage-first heap   total 61440K, used 15058K [0x0000000088800000, 0x0000000100000000)
  region size 1024K, 2 young (2048K), 2 survivors (2048K)
 Metaspace       used 23252K, capacity 23624K, committed 23984K, reserved 1071104K
  class space    used 3092K, capacity 3232K, committed 3328K, reserved 1048576K
}
Event: 11.955 GC heap before
{Heap before GC invocations=9 (full 0):
 garbage-first heap   total 61440K, used 46802K [0x0000000088800000, 0x0000000100000000)
  region size 1024K, 33 young (33792K), 2 survivors (2048K)
 Metaspace       used 28654K, capacity 29028K, committed 29104K, reserved 1075200K
  class space    used 3919K, capacity 4073K, committed 4096K, reserved 1048576K
}
Event: 11.966 GC heap after
{Heap after GC invocations=10 (full 0):
 garbage-first heap   total 61440K, used 16309K [0x0000000088800000, 0x0000000100000000)
  region size 1024K, 3 young (3072K), 3 survivors (3072K)
 Metaspace       used 28654K, capacity 29028K, committed 29104K, reserved 1075200K
  class space    used 3919K, capacity 4073K, committed 4096K, reserved 1048576K
}
Event: 13.190 GC heap before
{Heap before GC invocations=10 (full 0):
 garbage-first heap   total 61440K, used 40885K [0x0000000088800000, 0x0000000100000000)
  region size 1024K, 29 young (29696K), 3 survivors (3072K)
 Metaspace       used 35455K, capacity 35827K, committed 35920K, reserved 1081344K
  class space    used 4705K, capacity 4845K, committed 4864K, reserved 1048576K
}
Event: 13.209 GC heap after
{Heap after GC invocations=11 (full 0):
 garbage-first heap   total 61440K, used 19204K [0x0000000088800000, 0x0000000100000000)
  region size 1024K, 5 young (5120K), 5 survivors (5120K)
 Metaspace       used 35455K, capacity 35827K, committed 35920K, reserved 1081344K
  class space    used 4705K, capacity 4845K, committed 4864K, reserved 1048576K
}
Event: 14.397 GC heap before
{Heap before GC invocations=12 (full 0):
 garbage-first heap   total 61440K, used 44804K [0x0000000088800000, 0x0000000100000000)
  region size 1024K, 31 young (31744K), 5 survivors (5120K)
 Metaspace       used 39572K, capacity 40041K, committed 40220K, reserved 1083392K
  class space    used 5367K, capacity 5499K, committed 5580K, reserved 1048576K
}
Event: 14.413 GC heap after
{Heap after GC invocations=13 (full 0):
 garbage-first heap   total 61440K, used 20346K [0x0000000088800000, 0x0000000100000000)
  region size 1024K, 2 young (2048K), 2 survivors (2048K)
 Metaspace       used 39572K, capacity 40041K, committed 40220K, reserved 1083392K
  class space    used 5367K, capacity 5499K, committed 5580K, reserved 1048576K
}
Event: 15.279 GC heap before
{Heap before GC invocations=13 (full 0):
 garbage-first heap   total 61440K, used 46970K [0x0000000088800000, 0x0000000100000000)
  region size 1024K, 28 young (28672K), 2 survivors (2048K)
 Metaspace       used 43436K, capacity 43932K, committed 44060K, reserved 1087488K
  class space    used 5854K, capacity 6023K, committed 6092K, reserved 1048576K
}
Event: 15.289 GC heap after
{Heap after GC invocations=14 (full 0):
 garbage-first heap   total 61440K, used 21950K [0x0000000088800000, 0x0000000100000000)
  region size 1024K, 3 young (3072K), 3 survivors (3072K)
 Metaspace       used 43436K, capacity 43932K, committed 44060K, reserved 1087488K
  class space    used 5854K, capacity 6023K, committed 6092K, reserved 1048576K
}
Event: 15.621 GC heap before
{Heap before GC invocations=14 (full 0):
 garbage-first heap   total 61440K, used 47550K [0x0000000088800000, 0x0000000100000000)
  region size 1024K, 28 young (28672K), 3 survivors (3072K)
 Metaspace       used 43647K, capacity 44181K, committed 44316K, reserved 1087488K
  class space    used 5870K, capacity 6035K, committed 6092K, reserved 1048576K
}
Event: 15.634 GC heap after
{Heap after GC invocations=15 (full 0):
 garbage-first heap   total 61440K, used 22876K [0x0000000088800000, 0x0000000100000000)
  region size 1024K, 3 young (3072K), 3 survivors (3072K)
 Metaspace       used 43647K, capacity 44181K, committed 44316K, reserved 1087488K
  class space    used 5870K, capacity 6035K, committed 6092K, reserved 1048576K
}
Event: 16.254 GC heap before
{Heap before GC invocations=15 (full 0):
 garbage-first heap   total 61440K, used 48476K [0x0000000088800000, 0x0000000100000000)
  region size 1024K, 28 young (28672K), 3 survivors (3072K)
 Metaspace       used 45206K, capacity 45677K, committed 45852K, reserved 1089536K
  class space    used 6072K, capacity 6233K, committed 6348K, reserved 1048576K
}
Event: 16.270 GC heap after
{Heap after GC invocations=16 (full 0):
 garbage-first heap   total 61440K, used 24510K [0x0000000088800000, 0x0000000100000000)
  region size 1024K, 3 young (3072K), 3 survivors (3072K)
 Metaspace       used 45206K, capacity 45677K, committed 45852K, reserved 1089536K
  class space    used 6072K, capacity 6233K, committed 6348K, reserved 1048576K
}
Event: 58.304 GC heap before
{Heap before GC invocations=16 (full 0):
 garbage-first heap   total 61440K, used 48062K [0x0000000088800000, 0x0000000100000000)
  region size 1024K, 26 young (26624K), 3 survivors (3072K)
 Metaspace       used 48788K, capacity 49319K, committed 49692K, reserved 1091584K
  class space    used 6537K, capacity 6739K, committed 6860K, reserved 1048576K
}
Event: 58.331 GC heap after
{Heap after GC invocations=17 (full 0):
 garbage-first heap   total 73728K, used 26637K [0x0000000088800000, 0x0000000100000000)
  region size 1024K, 4 young (4096K), 4 survivors (4096K)
 Metaspace       used 48788K, capacity 49319K, committed 49692K, reserved 1091584K
  class space    used 6537K, capacity 6739K, committed 6860K, reserved 1048576K
}
Event: 60.815 GC heap before
{Heap before GC invocations=17 (full 0):
 garbage-first heap   total 73728K, used 36877K [0x0000000088800000, 0x0000000100000000)
  region size 1024K, 16 young (16384K), 4 survivors (4096K)
 Metaspace       used 50959K, capacity 51527K, committed 51612K, reserved 1093632K
  class space    used 6796K, capacity 6963K, committed 6988K, reserved 1048576K
}
Event: 60.840 GC heap after
{Heap after GC invocations=18 (full 0):
 garbage-first heap   total 73728K, used 29021K [0x0000000088800000, 0x0000000100000000)
  region size 1024K, 5 young (5120K), 5 survivors (5120K)
 Metaspace       used 50959K, capacity 51527K, committed 51612K, reserved 1093632K
  class space    used 6796K, capacity 6963K, committed 6988K, reserved 1048576K
}

